<?xml version="1.0" encoding="UTF-8"?>
<!-- Generated by org.testng.reporters.JUnitReportReporter -->
<testsuite skipped="0" hostname="DCKAQOC-033" name="appium.MobileTestiOS" tests="1" failures="0" timestamp="14 Mar 2023 09:45:39 GMT" time="2.021" errors="0">
  <testcase name="MobileiOS" time="2.021" classname="appium.MobileTestiOS"/>
</testsuite> <!-- appium.MobileTestiOS -->
