<?xml version="1.0" encoding="UTF-8"?>
<!-- Generated by org.testng.reporters.JUnitReportReporter -->
<testsuite skipped="0" hostname="DCKAQOC-033" name="appium.AndroidApkUpload" tests="1" failures="0" timestamp="09 Mar 2023 11:21:59 GMT" time="2.014" errors="0">
  <testcase name="MobileiOS" time="2.014" classname="appium.AndroidApkUpload"/>
</testsuite> <!-- appium.AndroidApkUpload -->
