<?xml version="1.0" encoding="UTF-8"?>
<!-- Generated by org.testng.reporters.JUnitReportReporter -->
<testsuite skipped="0" hostname="DCKAQOC-033" name="appium.AutomateiOSSafari" tests="1" failures="0" timestamp="09 Mar 2023 16:23:06 GMT" time="3.345" errors="0">
  <testcase name="MobileiOS" time="3.345" classname="appium.AutomateiOSSafari"/>
</testsuite> <!-- appium.AutomateiOSSafari -->
