<?xml version="1.0" encoding="UTF-8"?>
<!-- Generated by org.testng.reporters.JUnitReportReporter -->
<testsuite skipped="0" hostname="DCKAQOC-033" name="appium.ParallelTest" tests="1" failures="0" timestamp="14 Mar 2023 10:41:44 GMT" time="1.012" errors="0">
  <testcase name="test" time="1.012" classname="appium.ParallelTest"/>
</testsuite> <!-- appium.ParallelTest -->
